[1117/125150.323:ERROR:directory_reader_win.cc(43)] FindFirstFile: The system cannot find the path specified. (0x3)
[1118/063621.302:ERROR:directory_reader_win.cc(43)] FindFirstFile: The system cannot find the path specified. (0x3)
[1118/070126.935:ERROR:directory_reader_win.cc(43)] FindFirstFile: The system cannot find the path specified. (0x3)
[1118/144828.049:ERROR:directory_reader_win.cc(43)] FindFirstFile: The system cannot find the path specified. (0x3)
[1118/194737.050:ERROR:directory_reader_win.cc(43)] FindFirstFile: The system cannot find the path specified. (0x3)
[1118/213346.703:ERROR:directory_reader_win.cc(43)] FindFirstFile: The system cannot find the path specified. (0x3)
[1119/100848.550:ERROR:directory_reader_win.cc(43)] FindFirstFile: The system cannot find the path specified. (0x3)
[1119/153425.596:ERROR:directory_reader_win.cc(43)] FindFirstFile: The system cannot find the path specified. (0x3)
[1120/045406.507:ERROR:directory_reader_win.cc(43)] FindFirstFile: The system cannot find the path specified. (0x3)
[1120/070657.405:ERROR:directory_reader_win.cc(43)] FindFirstFile: The system cannot find the path specified. (0x3)
[1120/161434.004:ERROR:directory_reader_win.cc(43)] FindFirstFile: The system cannot find the path specified. (0x3)
[1121/111748.431:ERROR:directory_reader_win.cc(43)] FindFirstFile: The system cannot find the path specified. (0x3)
[1122/172001.149:ERROR:directory_reader_win.cc(43)] FindFirstFile: The system cannot find the path specified. (0x3)
[1123/075309.702:ERROR:directory_reader_win.cc(43)] FindFirstFile: The system cannot find the path specified. (0x3)
[1123/094931.890:ERROR:process_reader_win.cc(123)] NtOpenThread: {Access Denied} A process has requested access to an object, but has not been granted those access rights. (0xc0000022)
[1123/094931.894:ERROR:exception_snapshot_win.cc(99)] thread ID 7060 not found in process
[1123/094931.894:ERROR:process_reader_win.cc(151)] SuspendThread: Access is denied. (0x5)
[1123/094931.894:ERROR:process_reader_win.cc(151)] SuspendThread: Access is denied. (0x5)
[1123/094931.894:ERROR:exception_snapshot_win.cc(99)] thread ID 8964 not found in process
[1123/094931.894:ERROR:process_reader_win.cc(151)] SuspendThread: Access is denied. (0x5)
[1123/094931.894:ERROR:process_reader_win.cc(151)] SuspendThread: Access is denied. (0x5)
[1123/094931.895:ERROR:process_reader_win.cc(123)] NtOpenThread: {Access Denied} A process has requested access to an object, but has not been granted those access rights. (0xc0000022)
[1123/094931.895:ERROR:exception_snapshot_win.cc(99)] thread ID 14668 not found in process
[1123/200332.696:ERROR:directory_reader_win.cc(43)] FindFirstFile: The system cannot find the path specified. (0x3)
[1123/223507.748:ERROR:process_reader_win.cc(151)] SuspendThread: Access is denied. (0x5)
[1123/223507.748:ERROR:process_reader_win.cc(151)] SuspendThread: Access is denied. (0x5)
[1123/223507.749:ERROR:process_reader_win.cc(151)] SuspendThread: Access is denied. (0x5)
[1123/223507.749:ERROR:process_reader_win.cc(151)] SuspendThread: Access is denied. (0x5)
[1123/223507.749:ERROR:process_reader_win.cc(123)] NtOpenThread: {Access Denied} A process has requested access to an object, but has not been granted those access rights. (0xc0000022)
[1123/223507.749:ERROR:process_reader_win.cc(123)] NtOpenThread: {Access Denied} A process has requested access to an object, but has not been granted those access rights. (0xc0000022)
[1123/223507.751:ERROR:exception_snapshot_win.cc(99)] thread ID 15804 not found in process
[1123/223507.751:ERROR:exception_snapshot_win.cc(99)] thread ID 4148 not found in process
[1123/223507.768:ERROR:process_reader_win.cc(123)] NtOpenThread: {Access Denied} A process has requested access to an object, but has not been granted those access rights. (0xc0000022)
[1123/223507.768:ERROR:exception_snapshot_win.cc(99)] thread ID 11176 not found in process
[1123/223507.768:ERROR:scoped_process_suspend.cc(40)] NtResumeProcess: An attempt was made to access an exiting process. (0xc000010a)
[1124/130849.706:ERROR:directory_reader_win.cc(43)] FindFirstFile: The system cannot find the path specified. (0x3)
[1124/181044.163:ERROR:directory_reader_win.cc(43)] FindFirstFile: The system cannot find the path specified. (0x3)
[1125/155142.499:ERROR:directory_reader_win.cc(43)] FindFirstFile: The system cannot find the path specified. (0x3)
[1126/154251.596:ERROR:directory_reader_win.cc(43)] FindFirstFile: The system cannot find the path specified. (0x3)
[1127/102652.704:ERROR:directory_reader_win.cc(43)] FindFirstFile: The system cannot find the path specified. (0x3)
[1127/191222.678:ERROR:directory_reader_win.cc(43)] FindFirstFile: The system cannot find the path specified. (0x3)
[1127/202755.520:ERROR:process_reader_win.cc(151)] SuspendThread: Access is denied. (0x5)
[1127/202755.520:ERROR:process_reader_win.cc(151)] SuspendThread: Access is denied. (0x5)
[1127/202755.520:ERROR:process_reader_win.cc(151)] SuspendThread: Access is denied. (0x5)
[1127/202755.520:ERROR:process_reader_win.cc(151)] SuspendThread: Access is denied. (0x5)
[1127/202755.520:ERROR:process_reader_win.cc(151)] SuspendThread: Access is denied. (0x5)
[1127/202755.520:ERROR:process_reader_win.cc(151)] SuspendThread: Access is denied. (0x5)
[1127/202755.520:ERROR:process_reader_win.cc(151)] SuspendThread: Access is denied. (0x5)
[1127/202755.521:ERROR:process_reader_win.cc(151)] SuspendThread: Access is denied. (0x5)
[1127/202755.521:ERROR:process_reader_win.cc(151)] SuspendThread: Access is denied. (0x5)
[1127/202755.521:ERROR:process_reader_win.cc(151)] SuspendThread: Access is denied. (0x5)
[1127/202755.521:ERROR:process_reader_win.cc(151)] SuspendThread: Access is denied. (0x5)
[1127/202755.520:ERROR:process_reader_win.cc(151)] SuspendThread: Access is denied. (0x5)
[1127/202755.521:ERROR:process_reader_win.cc(151)] SuspendThread: Access is denied. (0x5)
[1127/202755.521:ERROR:process_reader_win.cc(151)] SuspendThread: Access is denied. (0x5)
[1127/202755.521:ERROR:process_reader_win.cc(151)] SuspendThread: Access is denied. (0x5)
[1127/202755.521:ERROR:process_reader_win.cc(151)] SuspendThread: Access is denied. (0x5)
[1127/202755.521:ERROR:process_reader_win.cc(151)] SuspendThread: Access is denied. (0x5)
[1127/202755.521:ERROR:process_reader_win.cc(151)] SuspendThread: Access is denied. (0x5)
[1127/202755.521:ERROR:process_reader_win.cc(151)] SuspendThread: Access is denied. (0x5)
[1127/202755.521:ERROR:process_reader_win.cc(151)] SuspendThread: Access is denied. (0x5)
[1127/202755.521:ERROR:process_reader_win.cc(151)] SuspendThread: Access is denied. (0x5)
[1127/202755.521:ERROR:process_reader_win.cc(151)] SuspendThread: Access is denied. (0x5)
[1127/202755.521:ERROR:process_reader_win.cc(151)] SuspendThread: Access is denied. (0x5)
[1127/202755.521:ERROR:process_reader_win.cc(151)] SuspendThread: Access is denied. (0x5)
[1127/202755.521:ERROR:process_reader_win.cc(123)] NtOpenThread: {Access Denied} A process has requested access to an object, but has not been granted those access rights. (0xc0000022)
[1127/202755.524:ERROR:exception_snapshot_win.cc(99)] thread ID 16956 not found in process
[1127/202755.521:ERROR:process_reader_win.cc(123)] NtOpenThread: {Access Denied} A process has requested access to an object, but has not been granted those access rights. (0xc0000022)
[1127/202755.524:ERROR:exception_snapshot_win.cc(99)] thread ID 15016 not found in process
[1127/202755.527:ERROR:process_reader_win.cc(151)] SuspendThread: Access is denied. (0x5)
[1127/202755.527:ERROR:process_reader_win.cc(151)] SuspendThread: Access is denied. (0x5)
[1127/202755.527:ERROR:process_reader_win.cc(151)] SuspendThread: Access is denied. (0x5)
[1127/202755.527:ERROR:process_reader_win.cc(151)] SuspendThread: Access is denied. (0x5)
[1127/202755.527:ERROR:process_reader_win.cc(151)] SuspendThread: Access is denied. (0x5)
[1127/202755.527:ERROR:process_reader_win.cc(151)] SuspendThread: Access is denied. (0x5)
[1127/202755.528:ERROR:process_reader_win.cc(151)] SuspendThread: Access is denied. (0x5)
[1127/202755.528:ERROR:process_reader_win.cc(151)] SuspendThread: Access is denied. (0x5)
[1127/202755.528:ERROR:process_reader_win.cc(151)] SuspendThread: Access is denied. (0x5)
[1127/202755.528:ERROR:process_reader_win.cc(151)] SuspendThread: Access is denied. (0x5)
[1127/202755.528:ERROR:process_reader_win.cc(151)] SuspendThread: Access is denied. (0x5)
[1127/202755.528:ERROR:process_reader_win.cc(151)] SuspendThread: Access is denied. (0x5)
[1127/202755.528:ERROR:process_reader_win.cc(123)] NtOpenThread: {Access Denied} A process has requested access to an object, but has not been granted those access rights. (0xc0000022)
[1127/202755.528:ERROR:exception_snapshot_win.cc(99)] thread ID 520 not found in process
[1127/210511.238:ERROR:directory_reader_win.cc(43)] FindFirstFile: The system cannot find the path specified. (0x3)
[1127/231351.290:ERROR:directory_reader_win.cc(43)] FindFirstFile: The system cannot find the path specified. (0x3)
[1128/204504.849:ERROR:directory_reader_win.cc(43)] FindFirstFile: The system cannot find the path specified. (0x3)
[1129/191854.672:ERROR:directory_reader_win.cc(43)] FindFirstFile: The system cannot find the path specified. (0x3)
[1129/202553.349:ERROR:directory_reader_win.cc(43)] FindFirstFile: The system cannot find the path specified. (0x3)
[1130/214502.488:ERROR:directory_reader_win.cc(43)] FindFirstFile: The system cannot find the path specified. (0x3)
[1201/082703.695:ERROR:directory_reader_win.cc(43)] FindFirstFile: The system cannot find the path specified. (0x3)
[1201/140746.004:ERROR:directory_reader_win.cc(43)] FindFirstFile: The system cannot find the path specified. (0x3)
[1203/000925.133:ERROR:directory_reader_win.cc(43)] FindFirstFile: The system cannot find the path specified. (0x3)
[1203/140913.176:ERROR:directory_reader_win.cc(43)] FindFirstFile: The system cannot find the path specified. (0x3)
[1204/003926.114:ERROR:process_reader_win.cc(151)] SuspendThread: Access is denied. (0x5)
[1204/003926.100:ERROR:process_reader_win.cc(151)] SuspendThread: Access is denied. (0x5)
[1204/003926.115:ERROR:process_reader_win.cc(151)] SuspendThread: Access is denied. (0x5)
[1204/003926.115:ERROR:process_reader_win.cc(151)] SuspendThread: Access is denied. (0x5)
[1204/003926.116:ERROR:process_reader_win.cc(151)] SuspendThread: Access is denied. (0x5)
[1204/003926.116:ERROR:process_reader_win.cc(151)] SuspendThread: Access is denied. (0x5)
[1204/003926.116:ERROR:process_reader_win.cc(151)] SuspendThread: Access is denied. (0x5)
[1204/003926.116:ERROR:process_reader_win.cc(151)] SuspendThread: Access is denied. (0x5)
[1204/003926.116:ERROR:process_reader_win.cc(151)] SuspendThread: Access is denied. (0x5)
[1204/003926.116:ERROR:process_reader_win.cc(151)] SuspendThread: Access is denied. (0x5)
[1204/003926.116:ERROR:process_reader_win.cc(151)] SuspendThread: Access is denied. (0x5)
[1204/003926.116:ERROR:process_reader_win.cc(151)] SuspendThread: Access is denied. (0x5)
[1204/003926.116:ERROR:process_reader_win.cc(151)] SuspendThread: Access is denied. (0x5)
[1204/003926.116:ERROR:process_reader_win.cc(151)] SuspendThread: Access is denied. (0x5)
[1204/003926.116:ERROR:process_reader_win.cc(123)] NtOpenThread: {Access Denied} A process has requested access to an object, but has not been granted those access rights. (0xc0000022)
[1204/003926.119:ERROR:exception_snapshot_win.cc(99)] thread ID 5508 not found in process
[1204/003926.116:ERROR:process_reader_win.cc(123)] NtOpenThread: {Access Denied} A process has requested access to an object, but has not been granted those access rights. (0xc0000022)
[1204/003926.119:ERROR:exception_snapshot_win.cc(99)] thread ID 14664 not found in process
[1204/003926.120:ERROR:process_reader_win.cc(151)] SuspendThread: Access is denied. (0x5)
[1204/003926.121:ERROR:process_reader_win.cc(151)] SuspendThread: Access is denied. (0x5)
[1204/003926.121:ERROR:process_reader_win.cc(151)] SuspendThread: Access is denied. (0x5)
[1204/003926.121:ERROR:process_reader_win.cc(151)] SuspendThread: Access is denied. (0x5)
[1204/003926.121:ERROR:process_reader_win.cc(151)] SuspendThread: Access is denied. (0x5)
[1204/003926.121:ERROR:process_reader_win.cc(151)] SuspendThread: Access is denied. (0x5)
[1204/003926.122:ERROR:process_reader_win.cc(151)] SuspendThread: Access is denied. (0x5)
[1204/003926.122:ERROR:process_reader_win.cc(151)] SuspendThread: Access is denied. (0x5)
[1204/003926.122:ERROR:process_reader_win.cc(151)] SuspendThread: Access is denied. (0x5)
[1204/003926.123:ERROR:process_reader_win.cc(151)] SuspendThread: Access is denied. (0x5)
[1204/003926.123:ERROR:process_reader_win.cc(151)] SuspendThread: Access is denied. (0x5)
[1204/003926.123:ERROR:process_reader_win.cc(151)] SuspendThread: Access is denied. (0x5)
[1204/003926.123:ERROR:process_reader_win.cc(123)] NtOpenThread: {Access Denied} A process has requested access to an object, but has not been granted those access rights. (0xc0000022)
[1204/003926.123:ERROR:exception_snapshot_win.cc(99)] thread ID 13980 not found in process
[1204/003926.123:ERROR:process_reader_win.cc(151)] SuspendThread: Access is denied. (0x5)
[1204/003926.123:ERROR:process_reader_win.cc(151)] SuspendThread: Access is denied. (0x5)
[1204/003926.123:ERROR:process_reader_win.cc(151)] SuspendThread: Access is denied. (0x5)
[1204/003926.124:ERROR:process_reader_win.cc(151)] SuspendThread: Access is denied. (0x5)
[1204/003926.124:ERROR:process_reader_win.cc(151)] SuspendThread: Access is denied. (0x5)
[1204/003926.124:ERROR:process_reader_win.cc(151)] SuspendThread: Access is denied. (0x5)
[1204/003926.124:ERROR:process_reader_win.cc(151)] SuspendThread: Access is denied. (0x5)
[1204/003926.124:ERROR:process_reader_win.cc(151)] SuspendThread: Access is denied. (0x5)
[1204/003926.124:ERROR:process_reader_win.cc(151)] SuspendThread: Access is denied. (0x5)
[1204/003926.124:ERROR:process_reader_win.cc(151)] SuspendThread: Access is denied. (0x5)
[1204/003926.124:ERROR:process_reader_win.cc(151)] SuspendThread: Access is denied. (0x5)
[1204/003926.124:ERROR:process_reader_win.cc(151)] SuspendThread: Access is denied. (0x5)
[1204/003926.124:ERROR:process_reader_win.cc(123)] NtOpenThread: {Access Denied} A process has requested access to an object, but has not been granted those access rights. (0xc0000022)
[1204/003926.124:ERROR:exception_snapshot_win.cc(99)] thread ID 12420 not found in process
[1204/003926.144:ERROR:process_reader_win.cc(151)] SuspendThread: Access is denied. (0x5)
[1204/003926.144:ERROR:process_reader_win.cc(151)] SuspendThread: Access is denied. (0x5)
[1204/003926.144:ERROR:process_reader_win.cc(151)] SuspendThread: Access is denied. (0x5)
[1204/003926.144:ERROR:process_reader_win.cc(151)] SuspendThread: Access is denied. (0x5)
[1204/003926.144:ERROR:process_reader_win.cc(151)] SuspendThread: Access is denied. (0x5)
[1204/003926.144:ERROR:process_reader_win.cc(151)] SuspendThread: Access is denied. (0x5)
[1204/003926.144:ERROR:process_reader_win.cc(151)] SuspendThread: Access is denied. (0x5)
[1204/003926.144:ERROR:process_reader_win.cc(151)] SuspendThread: Access is denied. (0x5)
[1204/003926.144:ERROR:process_reader_win.cc(151)] SuspendThread: Access is denied. (0x5)
[1204/003926.144:ERROR:process_reader_win.cc(151)] SuspendThread: Access is denied. (0x5)
[1204/003926.144:ERROR:process_reader_win.cc(123)] NtOpenThread: {Access Denied} A process has requested access to an object, but has not been granted those access rights. (0xc0000022)
[1204/003926.144:ERROR:exception_snapshot_win.cc(99)] thread ID 6784 not found in process
[1204/003926.149:ERROR:process_reader_win.cc(151)] SuspendThread: Access is denied. (0x5)
[1204/003926.149:ERROR:process_reader_win.cc(151)] SuspendThread: Access is denied. (0x5)
[1204/003926.149:ERROR:process_reader_win.cc(151)] SuspendThread: Access is denied. (0x5)
[1204/003926.149:ERROR:process_reader_win.cc(151)] SuspendThread: Access is denied. (0x5)
[1204/003926.149:ERROR:process_reader_win.cc(151)] SuspendThread: Access is denied. (0x5)
[1204/003926.149:ERROR:process_reader_win.cc(151)] SuspendThread: Access is denied. (0x5)
[1204/003926.149:ERROR:process_reader_win.cc(151)] SuspendThread: Access is denied. (0x5)
[1204/003926.149:ERROR:process_reader_win.cc(151)] SuspendThread: Access is denied. (0x5)
[1204/003926.149:ERROR:process_reader_win.cc(151)] SuspendThread: Access is denied. (0x5)
[1204/003926.149:ERROR:process_reader_win.cc(151)] SuspendThread: Access is denied. (0x5)
[1204/003926.149:ERROR:process_reader_win.cc(123)] NtOpenThread: {Access Denied} A process has requested access to an object, but has not been granted those access rights. (0xc0000022)
[1204/003926.149:ERROR:exception_snapshot_win.cc(99)] thread ID 11856 not found in process
[1204/003926.155:ERROR:process_reader_win.cc(151)] SuspendThread: Access is denied. (0x5)
[1204/003926.155:ERROR:process_reader_win.cc(151)] SuspendThread: Access is denied. (0x5)
[1204/003926.155:ERROR:process_reader_win.cc(151)] SuspendThread: Access is denied. (0x5)
[1204/003926.155:ERROR:process_reader_win.cc(151)] SuspendThread: Access is denied. (0x5)
[1204/003926.155:ERROR:process_reader_win.cc(151)] SuspendThread: Access is denied. (0x5)
[1204/003926.155:ERROR:process_reader_win.cc(151)] SuspendThread: Access is denied. (0x5)
[1204/003926.155:ERROR:process_reader_win.cc(151)] SuspendThread: Access is denied. (0x5)
[1204/003926.155:ERROR:process_reader_win.cc(151)] SuspendThread: Access is denied. (0x5)
[1204/003926.155:ERROR:process_reader_win.cc(151)] SuspendThread: Access is denied. (0x5)
[1204/003926.155:ERROR:process_reader_win.cc(151)] SuspendThread: Access is denied. (0x5)
[1204/003926.155:ERROR:process_reader_win.cc(123)] NtOpenThread: {Access Denied} A process has requested access to an object, but has not been granted those access rights. (0xc0000022)
[1204/003926.155:ERROR:exception_snapshot_win.cc(99)] thread ID 4216 not found in process
[1207/145050.071:ERROR:directory_reader_win.cc(43)] FindFirstFile: The system cannot find the path specified. (0x3)
[1207/215446.789:ERROR:process_reader_win.cc(123)] NtOpenThread: {Access Denied} A process has requested access to an object, but has not been granted those access rights. (0xc0000022)
[1207/215446.792:ERROR:exception_snapshot_win.cc(99)] thread ID 5248 not found in process
[1207/215446.803:ERROR:process_reader_win.cc(123)] NtOpenThread: {Access Denied} A process has requested access to an object, but has not been granted those access rights. (0xc0000022)
[1207/215446.803:ERROR:exception_snapshot_win.cc(99)] thread ID 9388 not found in process
[1207/215446.803:ERROR:scoped_process_suspend.cc(40)] NtResumeProcess: An attempt was made to access an exiting process. (0xc000010a)
[1211/045823.887:ERROR:directory_reader_win.cc(43)] FindFirstFile: The system cannot find the path specified. (0x3)
[1211/052328.958:ERROR:directory_reader_win.cc(43)] FindFirstFile: The system cannot find the path specified. (0x3)
[1211/124800.118:ERROR:directory_reader_win.cc(43)] FindFirstFile: The system cannot find the path specified. (0x3)
[1211/201504.747:ERROR:directory_reader_win.cc(43)] FindFirstFile: The system cannot find the path specified. (0x3)
[1212/220713.127:ERROR:directory_reader_win.cc(43)] FindFirstFile: The system cannot find the path specified. (0x3)
[1214/093703.183:ERROR:directory_reader_win.cc(43)] FindFirstFile: The system cannot find the path specified. (0x3)
[1214/142817.319:ERROR:directory_reader_win.cc(43)] FindFirstFile: The system cannot find the path specified. (0x3)
[1214/215124.107:ERROR:directory_reader_win.cc(43)] FindFirstFile: The system cannot find the path specified. (0x3)
[1214/224850.101:ERROR:directory_reader_win.cc(43)] FindFirstFile: The system cannot find the path specified. (0x3)
[1215/023453.301:ERROR:directory_reader_win.cc(43)] FindFirstFile: The system cannot find the path specified. (0x3)
[1215/151014.925:ERROR:directory_reader_win.cc(43)] FindFirstFile: The system cannot find the path specified. (0x3)
[1215/154151.637:ERROR:directory_reader_win.cc(43)] FindFirstFile: The system cannot find the path specified. (0x3)
[1216/065958.472:ERROR:directory_reader_win.cc(43)] FindFirstFile: The system cannot find the path specified. (0x3)
[1216/130559.842:ERROR:directory_reader_win.cc(43)] FindFirstFile: The system cannot find the path specified. (0x3)
[1216/211649.703:ERROR:directory_reader_win.cc(43)] FindFirstFile: The system cannot find the path specified. (0x3)
[1217/022402.160:ERROR:directory_reader_win.cc(43)] FindFirstFile: The system cannot find the path specified. (0x3)
[1217/210800.556:ERROR:directory_reader_win.cc(43)] FindFirstFile: The system cannot find the path specified. (0x3)
[1218/064305.427:ERROR:directory_reader_win.cc(43)] FindFirstFile: The system cannot find the path specified. (0x3)
[1219/042943.898:ERROR:directory_reader_win.cc(43)] FindFirstFile: The system cannot find the path specified. (0x3)
[1220/211159.645:ERROR:directory_reader_win.cc(43)] FindFirstFile: The system cannot find the path specified. (0x3)
[1221/082516.485:ERROR:directory_reader_win.cc(43)] FindFirstFile: The system cannot find the path specified. (0x3)
[1221/135330.616:ERROR:directory_reader_win.cc(43)] FindFirstFile: The system cannot find the path specified. (0x3)
[1221/213304.783:ERROR:directory_reader_win.cc(43)] FindFirstFile: The system cannot find the path specified. (0x3)
[1222/103004.170:ERROR:directory_reader_win.cc(43)] FindFirstFile: The system cannot find the path specified. (0x3)
[1222/120629.945:ERROR:directory_reader_win.cc(43)] FindFirstFile: The system cannot find the path specified. (0x3)
[1224/053937.135:ERROR:directory_reader_win.cc(43)] FindFirstFile: The system cannot find the path specified. (0x3)
[1225/154359.086:ERROR:directory_reader_win.cc(43)] FindFirstFile: The system cannot find the path specified. (0x3)
